.git
.gitignore
ActivityDemo
alipay_demo
AndroidDataSaveDemo
AndroidMediaDemo
AndroidNetDemo
AppDemo
AppDemo1
AppDemo2
AppOnWebkit
BluetoothDemo
BroadCastReceiverDemo
BroadCastReceiverDemo1
CameraDemo
ContentProviderDemo
ContentResolver_Demo
cp_gitignore.sh
Day01_HelloWorld
Day02_Button
Day02_EditText
Day02_LinearLayout
Day02_ListViewArrayAdapter
Day02_ListViewBaseAdapter
Day02_ListViewSimpleAdapter
Day02_RelativeLayout
Day02_Spinner
Day02_TextView
Day03_HomeWork_JD
Day03_RadioButton
Day08_ListViewBaseAdapter
Day08_LitchiNewsPager
dir.log
DrawLayout
ListViewDemo
PopupWindowDemo
PullToRefreshDemo
QRScanner
RecyclerViewDemo
RecycleViewDemo
SensorDemo
ServiceDemo
SlidingmenuDemo
springboot-test
SurfaceViewDemo2
Teach
ThreadDemo
View
VolleyDemo
VolleyImageDemo
WindowManager
WindowManagerDemo
XUtilsDemo
ZXingDemo
